#
# There is insufficient memory for the Java Runtime Environment to continue.
# Native memory allocation (mmap) failed to map 134217728 bytes for G1 virtual space
# Possible reasons:
#   The system is out of physical RAM or swap space
#   The process is running with CompressedOops enabled, and the Java Heap may be blocking the growth of the native heap
# Possible solutions:
#   Reduce memory load on the system
#   Increase physical memory or swap space
#   Check if swap backing store is full
#   Decrease Java heap size (-Xmx/-Xms)
#   Decrease number of Java threads
#   Decrease Java thread stack sizes (-Xss)
#   Set larger code cache with -XX:ReservedCodeCacheSize=
#   JVM is running with Unscaled Compressed Oops mode in which the Java heap is
#     placed in the first 4GB address space. The Java Heap base address is the
#     maximum limit for the native heap growth. Please use -XX:HeapBaseMinAddress
#     to set the Java Heap base and to place the Java Heap above 4GB virtual address.
# This output file may be truncated or incomplete.
#
#  Out of Memory Error (os_windows.cpp:3600), pid=23408, tid=9236
#
# JRE version:  (21.0+35) (build )
# Java VM: Java HotSpot(TM) 64-Bit Server VM (21+35-LTS-2513, mixed mode, sharing, tiered, compressed oops, compressed class ptrs, g1 gc, windows-amd64)
# No core dump will be written. Minidumps are not enabled by default on client versions of Windows
#

---------------  S U M M A R Y ------------

Command Line: -Dfile.encoding=UTF-8 -Dstdout.encoding=UTF-8 -Dstderr.encoding=UTF-8 -XX:+ShowCodeDetailsInExceptionMessages locators.Locators_Boots

Host: Intel(R) Core(TM) i5-4310U CPU @ 2.00GHz, 4 cores, 7G,  Windows 10 , 64 bit Build 19041 (10.0.19041.3636)
Time: Tue Dec  5 20:12:36 2023 India Standard Time elapsed time: 0.047739 seconds (0d 0h 0m 0s)

---------------  T H R E A D  ---------------

Current thread (0x000001d44e8d4f50):  JavaThread "Unknown thread" [_thread_in_vm, id=9236, stack(0x00000015bb300000,0x00000015bb400000) (1024K)]

Stack: [0x00000015bb300000,0x00000015bb400000]
Native frames: (J=compiled Java code, j=interpreted, Vv=VM code, C=native code)
V  [jvm.dll+0x6c8d39]
V  [jvm.dll+0x854091]
V  [jvm.dll+0x85630e]
V  [jvm.dll+0x8569e3]
V  [jvm.dll+0x2809a6]
V  [jvm.dll+0x6c5425]
V  [jvm.dll+0x6b9e1a]
V  [jvm.dll+0x3555ba]
V  [jvm.dll+0x35d206]
V  [jvm.dll+0x3adf6e]
V  [jvm.dll+0x3ae218]
V  [jvm.dll+0x328fcc]
V  [jvm.dll+0x329b5b]
V  [jvm.dll+0x81c699]
V  [jvm.dll+0x3bb2a1]
V  [jvm.dll+0x805688]
V  [jvm.dll+0x44ed9e]
V  [jvm.dll+0x4506a1]
C  [jli.dll+0x52a3]
C  [ucrtbase.dll+0x21bb2]
C  [KERNEL32.DLL+0x17344]
C  [ntdll.dll+0x526b1]


---------------  P R O C E S S  ---------------

Threads class SMR info:
_java_thread_list=0x00007ffb38017b48, length=0, elements={
}

Java Threads: ( => current thread )
Total: 0

Other Threads:
  0x000001d44c6b92a0 WorkerThread "GC Thread#0"                     [id=16492, stack(0x00000015bb400000,0x00000015bb500000) (1024K)]
  0x000001d44e93efc0 ConcurrentGCThread "G1 Main Marker"            [id=34768, stack(0x00000015bb500000,0x00000015bb600000) (1024K)]
  0x000001d44c6b99e0 WorkerThread "G1 Conc#0"                       [id=33032, stack(0x00000015bb600000,0x00000015bb700000) (1024K)]

[error occurred during error reporting (printing all threads), id 0xc0000005, EXCEPTION_ACCESS_VIOLATION (0xc0000005) at pc=0x00007ffb3778c097]
VM state: not at safepoint (not fully initialized)

VM Mutex/Monitor currently owned by a thread:  ([mutex/lock_event])
[0x00007ffb38088648] Heap_lock - owner thread: 0x000001d44e8d4f50

Heap address: 0x0000000081600000, size: 2026 MB, Compressed Oops mode: 32-bit

CDS archive(s) mapped at: [0x0000000000000000-0x0000000000000000-0x0000000000000000), size 0, SharedBaseAddress: 0x0000000800000000, ArchiveRelocationMode: 1.
Narrow klass base: 0x0000000000000000, Narrow klass shift: 0, Narrow klass range: 0x0

GC Precious Log:
 CardTable entry size: 512
 Card Set container configuration: InlinePtr #cards 5 size 8 Array Of Cards #cards 12 size 40 Howl #buckets 4 coarsen threshold 1843 Howl Bitmap #cards 512 size 80 coarsen threshold 460 Card regions per heap region 1 cards per card region 2048

Heap:
 garbage-first heap   total 0K, used 0K [0x0000000081600000, 0x0000000100000000)
  region size 1024K, 0 young (0K), 0 survivors (0K)

[error occurred during error reporting (printing heap information), id 0xc0000005, EXCEPTION_ACCESS_VIOLATION (0xc0000005) at pc=0x00007ffb37b71939]
GC Heap History (0 events):
No events

Dll operation events (1 events):
Event: 0.036 Loaded shared library C:\Program Files\Java\jdk-21\bin\java.dll

Deoptimization events (0 events):
No events

Classes loaded (0 events):
No events

Classes unloaded (0 events):
No events

Classes redefined (0 events):
No events

Internal exceptions (0 events):
No events

ZGC Phase Switch (0 events):
No events

VM Operations (0 events):
No events

Events (0 events):
No events


Dynamic libraries:
0x00007ff761ea0000 - 0x00007ff761eb0000 	C:\Program Files\Java\jdk-21\bin\javaw.exe
0x00007ffbb6390000 - 0x00007ffbb6588000 	C:\Windows\SYSTEM32\ntdll.dll
0x00007ffbb4780000 - 0x00007ffbb483d000 	C:\Windows\System32\KERNEL32.DLL
0x00007ffbb3e40000 - 0x00007ffbb4136000 	C:\Windows\System32\KERNELBASE.dll
0x00007ffbb3bd0000 - 0x00007ffbb3cd0000 	C:\Windows\System32\ucrtbase.dll
0x00007ffb8c250000 - 0x00007ffb8c269000 	C:\Program Files\Java\jdk-21\bin\jli.dll
0x00007ffbb4510000 - 0x00007ffbb45bf000 	C:\Windows\System32\ADVAPI32.dll
0x00007ffbb43f0000 - 0x00007ffbb448e000 	C:\Windows\System32\msvcrt.dll
0x00007ffbb6100000 - 0x00007ffbb619c000 	C:\Windows\System32\sechost.dll
0x00007ffbb51d0000 - 0x00007ffbb52f6000 	C:\Windows\System32\RPCRT4.dll
0x00007ffbb54e0000 - 0x00007ffbb567e000 	C:\Windows\System32\USER32.dll
0x00007ffbb42f0000 - 0x00007ffbb4312000 	C:\Windows\System32\win32u.dll
0x00007ffbb5310000 - 0x00007ffbb533c000 	C:\Windows\System32\GDI32.dll
0x00007ffbb41d0000 - 0x00007ffbb42ea000 	C:\Windows\System32\gdi32full.dll
0x00007ffbb4350000 - 0x00007ffbb43ed000 	C:\Windows\System32\msvcp_win.dll
0x00007ffb8c230000 - 0x00007ffb8c24b000 	C:\Program Files\Java\jdk-21\bin\VCRUNTIME140.dll
0x00007ffba7700000 - 0x00007ffba799a000 	C:\Windows\WinSxS\amd64_microsoft.windows.common-controls_6595b64144ccf1df_6.0.19041.3636_none_60b6a03d71f818d5\COMCTL32.dll
0x00007ffba9fb0000 - 0x00007ffba9fba000 	C:\Windows\SYSTEM32\VERSION.dll
0x00007ffbb6320000 - 0x00007ffbb6350000 	C:\Windows\System32\IMM32.DLL
0x00007ffb9aa00000 - 0x00007ffb9aa0c000 	C:\Program Files\Java\jdk-21\bin\vcruntime140_1.dll
0x00007ffb8c1a0000 - 0x00007ffb8c22e000 	C:\Program Files\Java\jdk-21\bin\msvcp140.dll
0x00007ffb37450000 - 0x00007ffb38163000 	C:\Program Files\Java\jdk-21\bin\server\jvm.dll
0x00007ffbb5340000 - 0x00007ffbb53ab000 	C:\Windows\System32\WS2_32.dll
0x00007ffbb38d0000 - 0x00007ffbb391b000 	C:\Windows\SYSTEM32\POWRPROF.dll
0x00007ffba7aa0000 - 0x00007ffba7ac7000 	C:\Windows\SYSTEM32\WINMM.dll
0x00007ffbb38b0000 - 0x00007ffbb38c2000 	C:\Windows\SYSTEM32\UMPDC.dll
0x00007ffbb1930000 - 0x00007ffbb1942000 	C:\Windows\SYSTEM32\kernel.appcore.dll
0x00007ffb972b0000 - 0x00007ffb972ba000 	C:\Program Files\Java\jdk-21\bin\jimage.dll
0x00007ffb9dfa0000 - 0x00007ffb9e184000 	C:\Windows\SYSTEM32\DBGHELP.DLL
0x00007ffba32c0000 - 0x00007ffba32f4000 	C:\Windows\SYSTEM32\dbgcore.DLL
0x00007ffbb4140000 - 0x00007ffbb41c2000 	C:\Windows\System32\bcryptPrimitives.dll
0x00007ffb8c180000 - 0x00007ffb8c19f000 	C:\Program Files\Java\jdk-21\bin\java.dll

dbghelp: loaded successfully - version: 4.0.5 - missing functions: none
symbol engine: initialized successfully - sym options: 0x614 - pdb path: .;C:\Program Files\Java\jdk-21\bin;C:\Windows\SYSTEM32;C:\Windows\WinSxS\amd64_microsoft.windows.common-controls_6595b64144ccf1df_6.0.19041.3636_none_60b6a03d71f818d5;C:\Program Files\Java\jdk-21\bin\server

VM Arguments:
jvm_args: -Dfile.encoding=UTF-8 -Dstdout.encoding=UTF-8 -Dstderr.encoding=UTF-8 -XX:+ShowCodeDetailsInExceptionMessages 
java_command: locators.Locators_Boots
java_class_path (initial): D:\Automation Testing\Selenium WS\Qa_automation\bin;D:\Automation Testing\Selenium\selenium-api-4.15.0.jar;D:\Automation Testing\Selenium\selenium-api-4.15.0-sources.jar;D:\Automation Testing\Selenium\selenium-chrome-driver-4.15.0.jar;D:\Automation Testing\Selenium\selenium-chrome-driver-4.15.0-sources.jar;D:\Automation Testing\Selenium\selenium-chromium-driver-4.15.0.jar;D:\Automation Testing\Selenium\selenium-chromium-driver-4.15.0-sources.jar;D:\Automation Testing\Selenium\selenium-devtools-v85-4.15.0.jar;D:\Automation Testing\Selenium\selenium-devtools-v85-4.15.0-sources.jar;D:\Automation Testing\Selenium\selenium-devtools-v117-4.15.0.jar;D:\Automation Testing\Selenium\selenium-devtools-v117-4.15.0-sources.jar;D:\Automation Testing\Selenium\selenium-devtools-v118-4.15.0.jar;D:\Automation Testing\Selenium\selenium-devtools-v118-4.15.0-sources.jar;D:\Automation Testing\Selenium\selenium-devtools-v119-4.15.0.jar;D:\Automation Testing\Selenium\selenium-devtools-v119-4.15.0-sources.jar;D:\Automation Testing\Selenium\selenium-edge-driver-4.15.0.jar;D:\Automation Testing\Selenium\selenium-edge-driver-4.15.0-sources.jar;D:\Automation Testing\Selenium\selenium-firefox-driver-4.15.0.jar;D:\Automation Testing\Selenium\selenium-firefox-driver-4.15.0-sources.jar;D:\Automation Testing\Selenium\selenium-http-4.15.0.jar;D:\Automation Testing\Selenium\selenium-http-4.15.0-sources.jar;D:\Automation Testing\Selenium\selenium-ie-driver-4.15.0.jar;D:\Automation Testing\Selenium\selenium-ie-driver-4.15.0-sources.jar;D:\Automation Testing\Selenium\selenium-java-4.15.0.jar;D:\Automation Testing\Selenium\selenium-java-4.15.0-sources.jar;D:\Automation Testing\Selenium\selenium-json-4.15.0.jar;D:\Automation Testing\Selenium\selenium-json-4.15.0-sources.jar;D:\Automation Testing\Selenium\selenium-manager-4.15.0.jar;D:\Automation Testing\Selenium\selenium-manager-4.15.0-sources.jar;D:\Automation Testing\Selenium\selenium-os-4.15.0.jar;D:\Automation Testing\Selenium\selenium-os-4.15.0-sources.jar;D:\Automation Testing\Selenium\selenium-remote-driver-4.15.0.jar;D:\Automation Testing\Selenium\selenium-remote-driver-4.15.0-sources.jar;D:\Automation Testing\Selenium\selenium-safari-driver-4.15.0.jar;D:\Automation Testing\Selenium\selenium-safari-driver-4.15.0-sources.jar;D:\Automation Testing\Selenium\selenium-support-4.15.0.jar;D:\Automation Testing\Selenium\selenium-support-4.15.0-sources.jar;D:\Automation Testing\Selenium\lib\auto-service-annotations-1.1.1.jar;D:\Automation Testing\Selenium\lib\byte-buddy-1.14.5.jar;D:\Automation Testing\Selenium\lib\checker-qual-3.33.0.jar;D:\Automation Testing\Selenium\lib\commons-exec-1.3.jar;D:\Automation Testing\Selenium\lib\error_prone_annotations-2.18.0.jar;D:\Automation Testing\Selenium\lib\failsafe-3.3.2.jar;D:\Automation Testing\Selenium\lib\failureaccess-1.0.1.jar;D:\Automation Testing\Selenium\lib\guava-32.1.2-jre.jar;D:\Automation Testing\Selenium\lib\j2objc-annotations-2.8.jar;D:\Automation Testing\Selenium\lib\jsr305-3.0.2.jar;D:\Automation Testing\Selenium\lib\listenablefuture-9999.0-empty-to-avoid-conflict-with-guava.jar;D:\Automation Testing\Selenium\lib\opentelemetry-api-1.28.0.jar;D:\Automation Testing\Selenium\lib\opentelemetry-api-events-1.28.0-alpha.jar;D:\Automation Testing\Selenium\lib\opentelemetry-context-1.28.0.jar;D:\Automation Testing\Selenium\lib\opentelemetry-exporter-logging-1.28.0.jar;D:\Automation Testing\Selenium\lib\opentelemetry-extension-incubator-1.28.0-alpha.jar;D:\Automation Testing\Selenium\lib\opentelemetry-sdk-1.28.0.jar;D:\Automation Testing\Selenium\lib\opentelemetry-sdk-common-1.28.0.jar;D:\Automation Testing\Selenium\lib\opentelemetry-sdk-extension-autoconfigure-1.28.0.jar;D:\Automation Testing\Selenium\lib\opentelemetry-sdk-extension-autoconfigure-spi-1.28.0.jar;D:\Automation Testing\Selenium\lib\opentelemetry-sdk-logs-1.28.0.jar;D:\Automation Testing\Selenium\lib\opentelemetry-sdk-metrics-1.28.0.jar;D:\Automation Testing\Selenium\lib\opentelemetry-sdk-trace-1.28.0.jar;D:\Automation Testing\Selenium\lib\opentelemetry-semconv-1.28.0-alpha.jar
Launcher Type: SUN_STANDARD

[Global flags]
     intx CICompilerCount                          = 3                                         {product} {ergonomic}
     uint ConcGCThreads                            = 1                                         {product} {ergonomic}
     uint G1ConcRefinementThreads                  = 4                                         {product} {ergonomic}
   size_t G1HeapRegionSize                         = 1048576                                   {product} {ergonomic}
    uintx GCDrainStackTargetSize                   = 64                                        {product} {ergonomic}
   size_t InitialHeapSize                          = 134217728                                 {product} {ergonomic}
   size_t MarkStackSize                            = 4194304                                   {product} {ergonomic}
   size_t MaxHeapSize                              = 2124414976                                {product} {ergonomic}
   size_t MinHeapDeltaBytes                        = 1048576                                   {product} {ergonomic}
   size_t MinHeapSize                              = 8388608                                   {product} {ergonomic}
    uintx NonNMethodCodeHeapSize                   = 5832780                                {pd product} {ergonomic}
    uintx NonProfiledCodeHeapSize                  = 122912730                              {pd product} {ergonomic}
    uintx ProfiledCodeHeapSize                     = 122912730                              {pd product} {ergonomic}
    uintx ReservedCodeCacheSize                    = 251658240                              {pd product} {ergonomic}
     bool SegmentedCodeCache                       = true                                      {product} {ergonomic}
     bool ShowCodeDetailsInExceptionMessages       = true                                   {manageable} {command line}
   size_t SoftMaxHeapSize                          = 2124414976                             {manageable} {ergonomic}
     bool UseCompressedOops                        = true                           {product lp64_product} {ergonomic}
     bool UseG1GC                                  = true                                      {product} {ergonomic}
     bool UseLargePagesIndividualAllocation        = false                                  {pd product} {ergonomic}

Logging:
Log output configuration:
 #0: stdout all=warning uptime,level,tags foldmultilines=false
 #1: stderr all=off uptime,level,tags foldmultilines=false

Environment Variables:
JAVA_HOME=C:\Program Files\Java\jdk-21
PATH=C:\Program Files\Common Files\Oracle\Java\javapath;C:\Windows\system32;C:\Windows;C:\Windows\System32\Wbem;C:\Windows\System32\WindowsPowerShell\v1.0\;C:\Windows\System32\OpenSSH\;C:\Program Files\Java\jdk-21\bin;C:\Program Files\dotnet\;D:\Automation Testing\GIT\Git\cmd;C:\Users\DELL\AppData\Local\Microsoft\WindowsApps;
USERNAME=DELL
OS=Windows_NT
PROCESSOR_IDENTIFIER=Intel64 Family 6 Model 69 Stepping 1, GenuineIntel
TMP=C:\Users\DELL\AppData\Local\Temp
TEMP=C:\Users\DELL\AppData\Local\Temp




---------------  S Y S T E M  ---------------

OS:
 Windows 10 , 64 bit Build 19041 (10.0.19041.3636)
OS uptime: 5 days 9:25 hours

CPU: total 4 (initial active 4) (2 cores per cpu, 2 threads per core) family 6 model 69 stepping 1 microcode 0x25, cx8, cmov, fxsr, ht, mmx, sse, sse2, sse3, ssse3, sse4.1, sse4.2, popcnt, lzcnt, tsc, tscinvbit, avx, avx2, aes, erms, clmul, bmi1, bmi2, fma, vzeroupper, clflush, rdtscp, f16c
Processor Information for all 4 processors :
  Max Mhz: 2601, Current Mhz: 2601, Mhz Limit: 2601

Memory: 4k page, system-wide physical 8097M (616M free)
TotalPageFile size 32673M (AvailPageFile size 20M)
current process WorkingSet (physical memory assigned to process): 10M, peak: 10M
current process commit charge ("private bytes"): 51M, peak: 179M

vm_info: Java HotSpot(TM) 64-Bit Server VM (21+35-LTS-2513) for windows-amd64 JRE (21+35-LTS-2513), built on 2023-08-09T20:25:10Z by "mach5one" with MS VC++ 17.1 (VS2022)

END.
